<?xml version="1.0" encoding="UTF-8"?>
<!-- Generated by org.testng.reporters.JUnitReportReporter -->
<testsuite skipped="0" hostname="Magi-PC" name="tests.PetStoreMenuTest" tests="3" failures="0" timestamp="26 Mar 2020 19:02:15 GMT" time="33.326" errors="0">
  <testcase name="checkPageNavigation" time="1.544" classname="tests.PetStoreMenuTest"/>
  <testcase name="checkSignIn" time="0.634" classname="tests.PetStoreMenuTest"/>
  <testcase name="checkFunctionalLinks" time="31.148" classname="tests.PetStoreMenuTest"/>
</testsuite> <!-- tests.PetStoreMenuTest -->
