<?xml version="1.0" encoding="UTF-8"?>
<!-- Generated by org.testng.reporters.JUnitReportReporter -->
<testsuite skipped="0" hostname="Magi-PC" name="tests.CartTest" tests="3" failures="0" timestamp="01 Apr 2020 14:44:41 GMT" time="7.182" errors="0">
  <testcase name="addAllProductsToCartTest" time="6.197" classname="tests.CartTest"/>
  <testcase name="checkTheTotalPriceTest" time="0.520" classname="tests.CartTest"/>
  <testcase name="clearTheCookiesTest" time="0.465" classname="tests.CartTest"/>
</testsuite> <!-- tests.CartTest -->
