<?xml version="1.0" encoding="UTF-8"?>
<!-- Generated by org.testng.reporters.JUnitReportReporter -->
<testsuite skipped="0" hostname="Magi-PC" name="tests.SignInTest$RegistrationTest" tests="1" failures="0" timestamp="01 Apr 2020 22:05:10 GMT" time="62.435" errors="0">
  <testcase name="logInTest" time="62.435" classname="tests.SignInTest$RegistrationTest"/>
</testsuite> <!-- tests.SignInTest$RegistrationTest -->
