<?xml version="1.0" encoding="UTF-8"?>
<!-- Generated by org.testng.reporters.JUnitReportReporter -->
<testsuite skipped="0" hostname="Magi-PC" name="tests.PetStoreMenuTest" tests="3" failures="0" timestamp="31 Mar 2020 22:56:54 GMT" time="9.184" errors="0">
  <testcase name="PageNavigationTest" time="4.295" classname="tests.PetStoreMenuTest"/>
  <testcase name="SignInLinkTest" time="0.415" classname="tests.PetStoreMenuTest"/>
  <testcase name="areLinksAreFunctionalTest" time="4.474" classname="tests.PetStoreMenuTest"/>
</testsuite> <!-- tests.PetStoreMenuTest -->
