<?xml version="1.0" encoding="UTF-8"?>
<!-- Generated by org.testng.reporters.JUnitReportReporter -->
<testsuite skipped="0" hostname="Magi-PC" name="tests.PetStoreMenuTest" tests="3" failures="0" timestamp="01 Apr 2020 14:39:26 GMT" time="7.064" errors="0">
  <testcase name="PageNavigationTest" time="1.454" classname="tests.PetStoreMenuTest"/>
  <testcase name="SignInLinkTest" time="1.049" classname="tests.PetStoreMenuTest"/>
  <testcase name="areLinksFunctionalTest" time="4.561" classname="tests.PetStoreMenuTest"/>
</testsuite> <!-- tests.PetStoreMenuTest -->
