<?xml version="1.0" encoding="UTF-8"?>
<!-- Generated by org.testng.reporters.JUnitReportReporter -->
<testsuite skipped="0" hostname="Magi-PC" name="tests.RegistrationTest" tests="1" failures="0" timestamp="30 Mar 2020 16:58:13 GMT" time="61.928" errors="0">
  <testcase name="logInTest" time="61.928" classname="tests.RegistrationTest"/>
</testsuite> <!-- tests.RegistrationTest -->
