<?xml version="1.0" encoding="UTF-8"?>
<!-- Generated by org.testng.reporters.JUnitReportReporter -->
<testsuite skipped="0" hostname="Magi-PC" name="tests.SignInTest$RegistrationTest" tests="1" failures="0" timestamp="31 Mar 2020 21:30:05 GMT" time="58.280" errors="0">
  <testcase name="logInTest" time="58.280" classname="tests.SignInTest$RegistrationTest"/>
</testsuite> <!-- tests.SignInTest$RegistrationTest -->
