<?xml version="1.0" encoding="UTF-8"?>
<!-- Generated by org.testng.reporters.JUnitReportReporter -->
<testsuite skipped="0" hostname="Magi-PC" name="tests.CartTest" tests="3" failures="0" timestamp="02 Apr 2020 20:41:09 GMT" time="14.607" errors="0">
  <testcase name="addAllProductsToCartTest" time="13.564" classname="tests.CartTest"/>
  <testcase name="checkTheTotalPriceTest" time="0.528" classname="tests.CartTest"/>
  <testcase name="clearTheCookiesTest" time="0.515" classname="tests.CartTest"/>
</testsuite> <!-- tests.CartTest -->
