<?xml version="1.0" encoding="UTF-8"?>
<!-- Generated by org.testng.reporters.JUnitReportReporter -->
<testsuite skipped="0" hostname="Magi-PC" name="tests.EnterTheStoreTest" tests="1" failures="0" timestamp="01 Apr 2020 22:05:10 GMT" time="1.416" errors="0">
  <testcase name="enterTheStore" time="1.416" classname="tests.EnterTheStoreTest"/>
</testsuite> <!-- tests.EnterTheStoreTest -->
