<?xml version="1.0" encoding="UTF-8"?>
<!-- Generated by org.testng.reporters.JUnitReportReporter -->
<testsuite skipped="0" hostname="Magi-PC" name="tests.CartTest" tests="3" failures="0" timestamp="31 Mar 2020 21:08:23 GMT" time="7.095" errors="0">
  <testcase name="fillTheCartTest" time="6.160" classname="tests.CartTest"/>
  <testcase name="checkTheTotalPriceTest" time="0.513" classname="tests.CartTest"/>
  <testcase name="clearTheCookiesTest" time="0.422" classname="tests.CartTest"/>
</testsuite> <!-- tests.CartTest -->
