<?xml version="1.0" encoding="UTF-8"?>
<!-- Generated by org.testng.reporters.JUnitReportReporter -->
<testsuite skipped="0" hostname="Magi-PC" name="tests.PetStoreMenuTest" tests="3" failures="0" timestamp="01 Apr 2020 22:05:10 GMT" time="7.477" errors="0">
  <testcase name="areLinksFunctionalTest" time="4.843" classname="tests.PetStoreMenuTest"/>
  <testcase name="SignInLinkTest" time="0.527" classname="tests.PetStoreMenuTest"/>
  <testcase name="PageNavigationTest" time="2.107" classname="tests.PetStoreMenuTest"/>
</testsuite> <!-- tests.PetStoreMenuTest -->
