<?xml version="1.0" encoding="UTF-8"?>
<!-- Generated by org.testng.reporters.JUnitReportReporter -->
<testsuite skipped="0" hostname="Magi-PC" name="tests.RegistrationTest" tests="1" failures="0" timestamp="01 Apr 2020 14:42:53 GMT" time="188.161" errors="0">
  <testcase name="registrationTest" time="188.161" classname="tests.RegistrationTest"/>
</testsuite> <!-- tests.RegistrationTest -->
